{"name":"Log","hostname":"PAULs-MacBook-Pro.local","pid":11125,"level":30,"msg":"Creating table: posts ","time":"2017-11-21T23:33:07.911Z","v":0}
{"name":"Log","hostname":"PAULs-MacBook-Pro.local","pid":11125,"level":30,"msg":"Creating table: users ","time":"2017-11-21T23:33:07.919Z","v":0}
{"name":"Log","hostname":"PAULs-MacBook-Pro.local","pid":11125,"level":30,"msg":"Creating table: roles ","time":"2017-11-21T23:33:07.926Z","v":0}
{"name":"Log","hostname":"PAULs-MacBook-Pro.local","pid":11125,"level":30,"msg":"Creating table: roles_users ","time":"2017-11-21T23:33:07.930Z","v":0}
{"name":"Log","hostname":"PAULs-MacBook-Pro.local","pid":11125,"level":30,"msg":"Creating table: permissions ","time":"2017-11-21T23:33:07.933Z","v":0}
{"name":"Log","hostname":"PAULs-MacBook-Pro.local","pid":11125,"level":30,"msg":"Creating table: permissions_users ","time":"2017-11-21T23:33:07.936Z","v":0}
{"name":"Log","hostname":"PAULs-MacBook-Pro.local","pid":11125,"level":30,"msg":"Creating table: permissions_roles ","time":"2017-11-21T23:33:07.938Z","v":0}
{"name":"Log","hostname":"PAULs-MacBook-Pro.local","pid":11125,"level":30,"msg":"Creating table: permissions_apps ","time":"2017-11-21T23:33:07.939Z","v":0}
{"name":"Log","hostname":"PAULs-MacBook-Pro.local","pid":11125,"level":30,"msg":"Creating table: settings ","time":"2017-11-21T23:33:07.942Z","v":0}
{"name":"Log","hostname":"PAULs-MacBook-Pro.local","pid":11125,"level":30,"msg":"Creating table: tags ","time":"2017-11-21T23:33:07.948Z","v":0}
{"name":"Log","hostname":"PAULs-MacBook-Pro.local","pid":11125,"level":30,"msg":"Creating table: posts_tags ","time":"2017-11-21T23:33:07.952Z","v":0}
{"name":"Log","hostname":"PAULs-MacBook-Pro.local","pid":11125,"level":30,"msg":"Creating table: apps ","time":"2017-11-21T23:33:07.955Z","v":0}
{"name":"Log","hostname":"PAULs-MacBook-Pro.local","pid":11125,"level":30,"msg":"Creating table: app_settings ","time":"2017-11-21T23:33:07.958Z","v":0}
{"name":"Log","hostname":"PAULs-MacBook-Pro.local","pid":11125,"level":30,"msg":"Creating table: app_fields ","time":"2017-11-21T23:33:07.966Z","v":0}
{"name":"Log","hostname":"PAULs-MacBook-Pro.local","pid":11125,"level":30,"msg":"Creating table: clients ","time":"2017-11-21T23:33:07.968Z","v":0}
{"name":"Log","hostname":"PAULs-MacBook-Pro.local","pid":11125,"level":30,"msg":"Creating table: client_trusted_domains ","time":"2017-11-21T23:33:07.971Z","v":0}
{"name":"Log","hostname":"PAULs-MacBook-Pro.local","pid":11125,"level":30,"msg":"Creating table: accesstokens ","time":"2017-11-21T23:33:07.973Z","v":0}
{"name":"Log","hostname":"PAULs-MacBook-Pro.local","pid":11125,"level":30,"msg":"Creating table: refreshtokens ","time":"2017-11-21T23:33:07.977Z","v":0}
{"name":"Log","hostname":"PAULs-MacBook-Pro.local","pid":11125,"level":30,"msg":"Creating table: subscribers ","time":"2017-11-21T23:33:07.979Z","v":0}
{"name":"Log","hostname":"PAULs-MacBook-Pro.local","pid":11125,"level":30,"msg":"Creating table: invites ","time":"2017-11-21T23:33:07.982Z","v":0}
{"name":"Log","hostname":"PAULs-MacBook-Pro.local","pid":11125,"level":30,"msg":"Creating table: brute ","time":"2017-11-21T23:33:07.985Z","v":0}
{"name":"Log","hostname":"PAULs-MacBook-Pro.local","pid":11125,"level":30,"msg":"Creating table: webhooks ","time":"2017-11-21T23:33:07.986Z","v":0}
{"name":"Log","hostname":"PAULs-MacBook-Pro.local","pid":11125,"level":30,"msg":"Model: Post ","time":"2017-11-21T23:33:07.992Z","v":0}
{"name":"Log","hostname":"PAULs-MacBook-Pro.local","pid":11125,"level":30,"msg":"Model: Tag ","time":"2017-11-21T23:33:08.215Z","v":0}
{"name":"Log","hostname":"PAULs-MacBook-Pro.local","pid":11125,"level":30,"msg":"Model: Client ","time":"2017-11-21T23:33:08.227Z","v":0}
{"name":"Log","hostname":"PAULs-MacBook-Pro.local","pid":11125,"level":30,"msg":"Model: Role ","time":"2017-11-21T23:33:08.249Z","v":0}
{"name":"Log","hostname":"PAULs-MacBook-Pro.local","pid":11125,"level":30,"msg":"Model: Permission ","time":"2017-11-21T23:33:08.270Z","v":0}
{"name":"Log","hostname":"PAULs-MacBook-Pro.local","pid":11125,"level":30,"msg":"Model: User ","time":"2017-11-21T23:33:08.513Z","v":0}
{"name":"Log","hostname":"PAULs-MacBook-Pro.local","pid":11125,"level":30,"msg":"Relation: Role to Permission ","time":"2017-11-21T23:33:09.224Z","v":0}
{"name":"Log","hostname":"PAULs-MacBook-Pro.local","pid":11125,"level":30,"msg":"Relation: Post to Tag ","time":"2017-11-21T23:33:09.426Z","v":0}
{"name":"Log","hostname":"PAULs-MacBook-Pro.local","pid":11125,"level":30,"msg":"Relation: User to Role ","time":"2017-11-21T23:33:09.463Z","v":0}
{"name":"Log","hostname":"PAULs-MacBook-Pro.local","pid":11128,"level":30,"msg":"Ghost is running in development... ","time":"2017-11-21T23:33:13.725Z","v":0}
{"name":"Log","hostname":"PAULs-MacBook-Pro.local","pid":11128,"level":30,"msg":"Listening on: 127.0.0.1:2368 ","time":"2017-11-21T23:33:13.726Z","v":0}
{"name":"Log","hostname":"PAULs-MacBook-Pro.local","pid":11128,"level":30,"msg":"Url configured as: http://localhost:2368/ ","time":"2017-11-21T23:33:13.727Z","v":0}
{"name":"Log","hostname":"PAULs-MacBook-Pro.local","pid":11128,"level":30,"msg":"Ctrl+C to shut down ","time":"2017-11-21T23:33:13.727Z","v":0}
{"name":"Log","hostname":"PAULs-MacBook-Pro.local","pid":11128,"level":30,"msg":"Ghost boot 2.434s ","time":"2017-11-21T23:33:13.731Z","v":0}
{"name":"Log","hostname":"PAULs-MacBook-Pro.local","pid":11128,"level":30,"req":{"meta":{"requestId":"9165c170-cf14-11e7-ab1d-adc5fe3d2f29","userId":null},"url":"/","method":"GET","originalUrl":"/","params":{},"headers":{"host":"localhost:2368","connection":"keep-alive","cache-control":"max-age=0","user-agent":"Mozilla/5.0 (Macintosh; Intel Mac OS X 10_12_6) AppleWebKit/537.36 (KHTML, like Gecko) Chrome/62.0.3202.94 Safari/537.36","upgrade-insecure-requests":"1","accept":"text/html,application/xhtml+xml,application/xml;q=0.9,image/webp,image/apng,*/*;q=0.8","accept-encoding":"gzip, deflate, br","accept-language":"en-US,en;q=0.9"},"body":{},"query":{}},"res":{"_headers":{"x-powered-by":"Express","cache-control":"public, max-age=0","content-type":"text/html; charset=utf-8","etag":"W/\"2fff-GXJU/tM7VZKXE+iD0Ys/A4N09Lo\"","vary":"Accept-Encoding","content-encoding":"gzip"},"statusCode":200,"responseTime":"556ms"},"msg":"","time":"2017-11-21T23:34:50.936Z","v":0}
{"name":"Log","hostname":"PAULs-MacBook-Pro.local","pid":11128,"level":30,"req":{"meta":{"requestId":"91c2fca0-cf14-11e7-ab1d-adc5fe3d2f29","userId":null},"url":"/assets/built/screen.css?v=ac3e3cae44","method":"GET","originalUrl":"/assets/built/screen.css?v=ac3e3cae44","params":{},"headers":{"host":"localhost:2368","connection":"keep-alive","user-agent":"Mozilla/5.0 (Macintosh; Intel Mac OS X 10_12_6) AppleWebKit/537.36 (KHTML, like Gecko) Chrome/62.0.3202.94 Safari/537.36","accept":"text/css,*/*;q=0.1","referer":"http://localhost:2368/","accept-encoding":"gzip, deflate, br","accept-language":"en-US,en;q=0.9"},"body":{},"query":{"v":"ac3e3cae44"}},"res":{"_headers":{"x-powered-by":"Express","accept-ranges":"bytes","cache-control":"public, max-age=0","last-modified":"Tue, 21 Nov 2017 15:48:01 GMT","etag":"W/\"75ca-15fdf43c368\"","content-type":"text/css; charset=UTF-8","vary":"Accept-Encoding","content-encoding":"gzip"},"statusCode":200,"responseTime":"15ms"},"msg":"","time":"2017-11-21T23:34:51.003Z","v":0}
{"name":"Log","hostname":"PAULs-MacBook-Pro.local","pid":11128,"level":30,"req":{"meta":{"requestId":"91c3bff0-cf14-11e7-ab1d-adc5fe3d2f29","userId":null},"url":"/public/ghost-sdk.js?v=ac3e3cae44","method":"GET","originalUrl":"/public/ghost-sdk.js?v=ac3e3cae44","params":{},"headers":{"host":"localhost:2368","connection":"keep-alive","user-agent":"Mozilla/5.0 (Macintosh; Intel Mac OS X 10_12_6) AppleWebKit/537.36 (KHTML, like Gecko) Chrome/62.0.3202.94 Safari/537.36","accept":"*/*","referer":"http://localhost:2368/","accept-encoding":"gzip, deflate, br","accept-language":"en-US,en;q=0.9"},"body":{},"query":{"v":"ac3e3cae44"}},"res":{"_headers":{"x-powered-by":"Express","content-type":"application/javascript","etag":"\"e1da20b87dd78426550fec843c75999b\"","cache-control":"public, max-age=3600","vary":"Accept-Encoding","content-encoding":"gzip"},"statusCode":200,"responseTime":"13ms"},"msg":"","time":"2017-11-21T23:34:51.005Z","v":0}
{"name":"Log","hostname":"PAULs-MacBook-Pro.local","pid":11128,"level":30,"req":{"meta":{"requestId":"91d54c20-cf14-11e7-ab1d-adc5fe3d2f29","userId":null},"url":"/assets/js/jquery.fitvids.js?v=ac3e3cae44","method":"GET","originalUrl":"/assets/js/jquery.fitvids.js?v=ac3e3cae44","params":{},"headers":{"host":"localhost:2368","connection":"keep-alive","user-agent":"Mozilla/5.0 (Macintosh; Intel Mac OS X 10_12_6) AppleWebKit/537.36 (KHTML, like Gecko) Chrome/62.0.3202.94 Safari/537.36","accept":"*/*","referer":"http://localhost:2368/","accept-encoding":"gzip, deflate, br","accept-language":"en-US,en;q=0.9"},"body":{},"query":{"v":"ac3e3cae44"}},"res":{"_headers":{"x-powered-by":"Express","accept-ranges":"bytes","cache-control":"public, max-age=0","last-modified":"Tue, 21 Nov 2017 15:48:01 GMT","etag":"W/\"d76-15fdf43c368\"","content-type":"application/javascript; charset=UTF-8","vary":"Accept-Encoding","content-encoding":"gzip"},"statusCode":200,"responseTime":"4ms"},"msg":"","time":"2017-11-21T23:34:51.112Z","v":0}
{"name":"Log","hostname":"PAULs-MacBook-Pro.local","pid":11128,"level":30,"req":{"meta":{"requestId":"91d63680-cf14-11e7-ab1d-adc5fe3d2f29","userId":null},"url":"/assets/js/infinitescroll.js?v=ac3e3cae44","method":"GET","originalUrl":"/assets/js/infinitescroll.js?v=ac3e3cae44","params":{},"headers":{"host":"localhost:2368","connection":"keep-alive","user-agent":"Mozilla/5.0 (Macintosh; Intel Mac OS X 10_12_6) AppleWebKit/537.36 (KHTML, like Gecko) Chrome/62.0.3202.94 Safari/537.36","accept":"*/*","referer":"http://localhost:2368/","accept-encoding":"gzip, deflate, br","accept-language":"en-US,en;q=0.9"},"body":{},"query":{"v":"ac3e3cae44"}},"res":{"_headers":{"x-powered-by":"Express","accept-ranges":"bytes","cache-control":"public, max-age=0","last-modified":"Tue, 21 Nov 2017 15:48:01 GMT","etag":"W/\"8d6-15fdf43c368\"","content-type":"application/javascript; charset=UTF-8","vary":"Accept-Encoding","content-encoding":"gzip"},"statusCode":200,"responseTime":"5ms"},"msg":"","time":"2017-11-21T23:34:51.121Z","v":0}
{"name":"Log","hostname":"PAULs-MacBook-Pro.local","pid":11128,"level":30,"req":{"meta":{"requestId":"9253caf0-cf14-11e7-ab1d-adc5fe3d2f29","userId":null},"url":"/favicon.ico","method":"GET","originalUrl":"/favicon.ico","params":{},"headers":{"host":"localhost:2368","connection":"keep-alive","pragma":"no-cache","cache-control":"no-cache","user-agent":"Mozilla/5.0 (Macintosh; Intel Mac OS X 10_12_6) AppleWebKit/537.36 (KHTML, like Gecko) Chrome/62.0.3202.94 Safari/537.36","accept":"image/webp,image/apng,image/*,*/*;q=0.8","referer":"http://localhost:2368/","accept-encoding":"gzip, deflate, br","accept-language":"en-US,en;q=0.9"},"body":{},"query":{}},"res":{"_headers":{"x-powered-by":"Express","content-type":"image/x-icon","etag":"\"36e47e74810a0d8c32a77f495c49cf8e\"","cache-control":"public, max-age=86400","vary":"Accept-Encoding","content-encoding":"gzip"},"statusCode":200,"responseTime":"4ms"},"msg":"","time":"2017-11-21T23:34:51.941Z","v":0}
